<?xml version="1.0" encoding="UTF-8"?>
<testng-results skipped="0" failed="0" total="1" passed="1">
  <reporter-output>
  </reporter-output>
  <suite name="Default suite" duration-ms="43422" started-at="2017-05-14T07:23:02Z" finished-at="2017-05-14T07:23:46Z">
    <groups>
    </groups>
    <test name="Default test" duration-ms="43422" started-at="2017-05-14T07:23:02Z" finished-at="2017-05-14T07:23:46Z">
      <class name="myAuto.practice.selenium.TC1">
        <test-method status="PASS" signature="BrowserInitite()[pri:0, instance:myAuto.practice.selenium.TC1@45c8e616]" name="BrowserInitite" is-config="true" duration-ms="16753" started-at="2017-05-14T12:53:02Z" finished-at="2017-05-14T12:53:19Z">
          <reporter-output>
          </reporter-output>
        </test-method> <!-- BrowserInitite -->
        <test-method status="PASS" signature="init()[pri:0, instance:myAuto.practice.selenium.TC1@45c8e616]" name="init" duration-ms="26637" started-at="2017-05-14T12:53:19Z" finished-at="2017-05-14T12:53:46Z">
          <reporter-output>
          </reporter-output>
        </test-method> <!-- init -->
      </class> <!-- myAuto.practice.selenium.TC1 -->
    </test> <!-- Default test -->
  </suite> <!-- Default suite -->
</testng-results>
